0 info it worked if it ends with ok
1 verbose cli [ '/usr/local/bin/node',
1 verbose cli   '/usr/local/bin/npm',
1 verbose cli   'install',
1 verbose cli   'sublime-text-installer' ]
2 info using npm@2.14.7
3 info using node@v4.2.3
4 verbose install initial load of /Users/maxvankuik/expressderek/package.json
5 verbose installManyTop reading scoped package data from /Users/maxvankuik/expressderek/node_modules/express/package.json
6 verbose installManyTop reading scoped package data from /Users/maxvankuik/expressderek/node_modules/express-handlebars/package.json
7 verbose readDependencies loading dependencies from /Users/maxvankuik/expressderek/package.json
8 silly cache add args [ 'sublime-text-installer', null ]
9 verbose cache add spec sublime-text-installer
10 silly cache add parsed spec Result {
10 silly cache add   raw: 'sublime-text-installer',
10 silly cache add   scope: null,
10 silly cache add   name: 'sublime-text-installer',
10 silly cache add   rawSpec: '',
10 silly cache add   spec: '*',
10 silly cache add   type: 'range' }
11 silly addNamed sublime-text-installer@*
12 verbose addNamed "*" is a valid semver range for sublime-text-installer
13 silly addNameRange { name: 'sublime-text-installer', range: '*', hasData: false }
14 silly mapToRegistry name sublime-text-installer
15 silly mapToRegistry using default registry
16 silly mapToRegistry registry https://registry.npmjs.org/
17 silly mapToRegistry uri https://registry.npmjs.org/sublime-text-installer
18 verbose addNameRange registry:https://registry.npmjs.org/sublime-text-installer not in flight; fetching
19 verbose request uri https://registry.npmjs.org/sublime-text-installer
20 verbose request no auth needed
21 info attempt registry request try #1 at 00:45:41
22 verbose request id 30c505b3db5e67dd
23 http request GET https://registry.npmjs.org/sublime-text-installer
24 http 404 https://registry.npmjs.org/sublime-text-installer
25 verbose headers { 'content-type': 'application/json',
25 verbose headers   'cache-control': 'max-age=0',
25 verbose headers   'content-length': '2',
25 verbose headers   'accept-ranges': 'bytes',
25 verbose headers   date: 'Fri, 04 Dec 2015 23:45:42 GMT',
25 verbose headers   via: '1.1 varnish',
25 verbose headers   connection: 'keep-alive',
25 verbose headers   'x-served-by': 'cache-ams4138-AMS',
25 verbose headers   'x-cache': 'MISS',
25 verbose headers   'x-cache-hits': '0',
25 verbose headers   'x-timer': 'S1449272741.975301,VS0,VE683' }
26 silly get cb [ 404,
26 silly get   { 'content-type': 'application/json',
26 silly get     'cache-control': 'max-age=0',
26 silly get     'content-length': '2',
26 silly get     'accept-ranges': 'bytes',
26 silly get     date: 'Fri, 04 Dec 2015 23:45:42 GMT',
26 silly get     via: '1.1 varnish',
26 silly get     connection: 'keep-alive',
26 silly get     'x-served-by': 'cache-ams4138-AMS',
26 silly get     'x-cache': 'MISS',
26 silly get     'x-cache-hits': '0',
26 silly get     'x-timer': 'S1449272741.975301,VS0,VE683' } ]
27 verbose stack Error: Registry returned 404 for GET on https://registry.npmjs.org/sublime-text-installer
27 verbose stack     at makeError (/usr/local/lib/node_modules/npm/node_modules/npm-registry-client/lib/request.js:264:12)
27 verbose stack     at CachingRegistryClient.<anonymous> (/usr/local/lib/node_modules/npm/node_modules/npm-registry-client/lib/request.js:242:14)
27 verbose stack     at Request._callback (/usr/local/lib/node_modules/npm/node_modules/npm-registry-client/lib/request.js:172:14)
27 verbose stack     at Request.self.callback (/usr/local/lib/node_modules/npm/node_modules/request/request.js:198:22)
27 verbose stack     at emitTwo (events.js:87:13)
27 verbose stack     at Request.emit (events.js:172:7)
27 verbose stack     at Request.<anonymous> (/usr/local/lib/node_modules/npm/node_modules/request/request.js:1063:14)
27 verbose stack     at emitOne (events.js:82:20)
27 verbose stack     at Request.emit (events.js:169:7)
27 verbose stack     at IncomingMessage.<anonymous> (/usr/local/lib/node_modules/npm/node_modules/request/request.js:1009:12)
28 verbose statusCode 404
29 verbose pkgid sublime-text-installer
30 verbose cwd /Users/maxvankuik/expressderek
31 error Darwin 15.0.0
32 error argv "/usr/local/bin/node" "/usr/local/bin/npm" "install" "sublime-text-installer"
33 error node v4.2.3
34 error npm  v2.14.7
35 error code E404
36 error 404 Registry returned 404 for GET on https://registry.npmjs.org/sublime-text-installer
36 error 404
36 error 404 'sublime-text-installer' is not in the npm registry.
36 error 404 You should bug the author to publish it (or use the name yourself!)
36 error 404 It was specified as a dependency of 'expressderek'
36 error 404
36 error 404 Note that you can also install from a
36 error 404 tarball, folder, http url, or git url.
37 verbose exit [ 1, true ]
